This is pdfTeX, Version 3.141592653-2.6-1.40.24 (TeX Live 2022) (preloaded format=pdflatex 2023.3.10)  25 JUN 2024 16:30
entering extended mode
 restricted \write18 enabled.
 %&-line parsing enabled.
**june-summary.tex
(./june-summary.tex
LaTeX2e <2021-11-15> patch level 1
L3 programming layer <2022-02-24>
(/usr/local/texlive/2022/texmf-dist/tex/latex/base/article.cls
Document Class: article 2021/10/04 v1.4n Standard LaTeX document class
(/usr/local/texlive/2022/texmf-dist/tex/latex/base/size12.clo
File: size12.clo 2021/10/04 v1.4n Standard LaTeX file (size option)
)
\c@part=\count185
\c@section=\count186
\c@subsection=\count187
\c@subsubsection=\count188
\c@paragraph=\count189
\c@subparagraph=\count190
\c@figure=\count191
\c@table=\count192
\abovecaptionskip=\skip47
\belowcaptionskip=\skip48
\bibindent=\dimen138
)
(/usr/local/texlive/2022/texmf-dist/tex/latex/base/inputenc.sty
Package: inputenc 2021/02/14 v1.3d Input encoding file
\inpenc@prehook=\toks16
\inpenc@posthook=\toks17
)
(/usr/local/texlive/2022/texmf-dist/tex/latex/base/fontenc.sty
Package: fontenc 2021/04/29 v2.0v Standard LaTeX package
)
(/usr/local/texlive/2022/texmf-dist/tex/latex/geometry/geometry.sty
Package: geometry 2020/01/02 v5.9 Page Geometry

(/usr/local/texlive/2022/texmf-dist/tex/latex/graphics/keyval.sty
Package: keyval 2014/10/28 v1.15 key=value parser (DPC)
\KV@toks@=\toks18
)
(/usr/local/texlive/2022/texmf-dist/tex/generic/iftex/ifvtex.sty
Package: ifvtex 2019/10/25 v1.7 ifvtex legacy package. Use iftex instead.

(/usr/local/texlive/2022/texmf-dist/tex/generic/iftex/iftex.sty
Package: iftex 2022/02/03 v1.0f TeX engine tests
))
\Gm@cnth=\count193
\Gm@cntv=\count194
\c@Gm@tempcnt=\count195
\Gm@bindingoffset=\dimen139
\Gm@wd@mp=\dimen140
\Gm@odd@mp=\dimen141
\Gm@even@mp=\dimen142
\Gm@layoutwidth=\dimen143
\Gm@layoutheight=\dimen144
\Gm@layouthoffset=\dimen145
\Gm@layoutvoffset=\dimen146
\Gm@dimlist=\toks19
)
(/usr/local/texlive/2022/texmf-dist/tex/latex/graphics/graphicx.sty
Package: graphicx 2021/09/16 v1.2d Enhanced LaTeX Graphics (DPC,SPQR)

(/usr/local/texlive/2022/texmf-dist/tex/latex/graphics/graphics.sty
Package: graphics 2021/03/04 v1.4d Standard LaTeX Graphics (DPC,SPQR)

(/usr/local/texlive/2022/texmf-dist/tex/latex/graphics/trig.sty
Package: trig 2021/08/11 v1.11 sin cos tan (DPC)
)
(/usr/local/texlive/2022/texmf-dist/tex/latex/graphics-cfg/graphics.cfg
File: graphics.cfg 2016/06/04 v1.11 sample graphics configuration
)
Package graphics Info: Driver file: pdftex.def on input line 107.

(/usr/local/texlive/2022/texmf-dist/tex/latex/graphics-def/pdftex.def
File: pdftex.def 2020/10/05 v1.2a Graphics/color driver for pdftex
))
\Gin@req@height=\dimen147
\Gin@req@width=\dimen148
)
(/usr/local/texlive/2022/texmf-dist/tex/latex/siunitx/siunitx.sty
Package: siunitx 2022-02-15 v3.0.49 A comprehensive (SI) units package
\l__siunitx_angle_tmp_dim=\dimen149
\l__siunitx_angle_marker_box=\box50
\l__siunitx_angle_unit_box=\box51
\l__siunitx_compound_count_int=\count196

(/usr/local/texlive/2022/texmf-dist/tex/latex/translations/translations.sty
Package: translations 2022/02/05 v1.12 internationalization of LaTeX2e packages
 (CN)

(/usr/local/texlive/2022/texmf-dist/tex/latex/etoolbox/etoolbox.sty
Package: etoolbox 2020/10/05 v2.5k e-TeX tools for LaTeX (JAW)
\etb@tempcnta=\count197
)
(/usr/local/texlive/2022/texmf-dist/tex/generic/pdftexcmds/pdftexcmds.sty
Package: pdftexcmds 2020-06-27 v0.33 Utility functions of pdfTeX for LuaTeX (HO
)

(/usr/local/texlive/2022/texmf-dist/tex/generic/infwarerr/infwarerr.sty
Package: infwarerr 2019/12/03 v1.5 Providing info/warning/error messages (HO)
)
(/usr/local/texlive/2022/texmf-dist/tex/generic/ltxcmds/ltxcmds.sty
Package: ltxcmds 2020-05-10 v1.25 LaTeX kernel commands for general use (HO)
)
Package pdftexcmds Info: \pdf@primitive is available.
Package pdftexcmds Info: \pdf@ifprimitive is available.
Package pdftexcmds Info: \pdfdraftmode found.
))
\l__siunitx_number_exponent_fixed_int=\count198
\l__siunitx_number_min_decimal_int=\count199
\l__siunitx_number_min_integer_int=\count266
\l__siunitx_number_round_precision_int=\count267
\l__siunitx_number_group_minimum_int=\count268

(/usr/local/texlive/2022/texmf-dist/tex/latex/amsmath/amstext.sty
Package: amstext 2021/08/26 v2.01 AMS text

(/usr/local/texlive/2022/texmf-dist/tex/latex/amsmath/amsgen.sty
File: amsgen.sty 1999/11/30 v2.0 generic functions
\@emptytoks=\toks20
\ex@=\dimen150
))
\l__siunitx_table_tmp_box=\box52
\l__siunitx_table_tmp_dim=\dimen151
\l__siunitx_table_column_width_dim=\dimen152
\l__siunitx_table_integer_box=\box53
\l__siunitx_table_decimal_box=\box54
\l__siunitx_table_before_box=\box55
\l__siunitx_table_after_box=\box56
\l__siunitx_table_before_dim=\dimen153
\l__siunitx_table_carry_dim=\dimen154
\l__siunitx_unit_tmp_int=\count269
\l__siunitx_unit_position_int=\count270
\l__siunitx_unit_total_int=\count271

(/usr/local/texlive/2022/texmf-dist/tex/latex/l3packages/l3keys2e/l3keys2e.sty
(/usr/local/texlive/2022/texmf-dist/tex/latex/l3kernel/expl3.sty
Package: expl3 2022-02-24 L3 programming layer (loader) 

(/usr/local/texlive/2022/texmf-dist/tex/latex/l3backend/l3backend-pdftex.def
File: l3backend-pdftex.def 2022-02-07 L3 backend support: PDF output (pdfTeX)
\l__color_backend_stack_int=\count272
\l__pdf_internal_box=\box57
))
Package: l3keys2e 2022-01-12 LaTeX2e option processing using LaTeX3 keys
) (/usr/local/texlive/2022/texmf-dist/tex/latex/tools/array.sty
Package: array 2021/10/04 v2.5f Tabular extension package (FMi)
\col@sep=\dimen155
\ar@mcellbox=\box58
\extrarowheight=\dimen156
\NC@list=\toks21
\extratabsurround=\skip49
\backup@length=\skip50
\ar@cellbox=\box59
))
(/usr/local/texlive/2022/texmf-dist/tex/latex/listings/listings.sty
\lst@mode=\count273
\lst@gtempboxa=\box60
\lst@token=\toks22
\lst@length=\count274
\lst@currlwidth=\dimen157
\lst@column=\count275
\lst@pos=\count276
\lst@lostspace=\dimen158
\lst@width=\dimen159
\lst@newlines=\count277
\lst@lineno=\count278
\lst@maxwidth=\dimen160

(/usr/local/texlive/2022/texmf-dist/tex/latex/listings/lstmisc.sty
File: lstmisc.sty 2020/03/24 1.8d (Carsten Heinz)
\c@lstnumber=\count279
\lst@skipnumbers=\count280
\lst@framebox=\box61
)
(/usr/local/texlive/2022/texmf-dist/tex/latex/listings/listings.cfg
File: listings.cfg 2020/03/24 1.8d listings configuration
))
Package: listings 2020/03/24 1.8d (Carsten Heinz)
Package translations Info: No language package found. I am going to use `englis
h' as default language. on input line 30.

(./june-summary.aux)
\openout1 = `june-summary.aux'.

LaTeX Font Info:    Checking defaults for OML/cmm/m/it on input line 30.
LaTeX Font Info:    ... okay on input line 30.
LaTeX Font Info:    Checking defaults for OMS/cmsy/m/n on input line 30.
LaTeX Font Info:    ... okay on input line 30.
LaTeX Font Info:    Checking defaults for OT1/cmr/m/n on input line 30.
LaTeX Font Info:    ... okay on input line 30.
LaTeX Font Info:    Checking defaults for T1/cmr/m/n on input line 30.
LaTeX Font Info:    ... okay on input line 30.
LaTeX Font Info:    Checking defaults for TS1/cmr/m/n on input line 30.
LaTeX Font Info:    ... okay on input line 30.
LaTeX Font Info:    Checking defaults for OMX/cmex/m/n on input line 30.
LaTeX Font Info:    ... okay on input line 30.
LaTeX Font Info:    Checking defaults for U/cmr/m/n on input line 30.
LaTeX Font Info:    ... okay on input line 30.

*geometry* driver: auto-detecting
*geometry* detected driver: pdftex
*geometry* verbose mode - [ preamble ] result:
* driver: pdftex
* paper: <default>
* layout: <same size as paper>
* layoutoffset:(h,v)=(0.0pt,0.0pt)
* modes: 
* h-part:(L,W,R)=(43.36243pt, 527.57014pt, 43.36243pt)
* v-part:(T,H,B)=(43.36243pt, 693.79135pt, 57.81621pt)
* \paperwidth=614.295pt
* \paperheight=794.96999pt
* \textwidth=527.57014pt
* \textheight=693.79135pt
* \oddsidemargin=-28.90756pt
* \evensidemargin=-28.90756pt
* \topmargin=-65.90756pt
* \headheight=12.0pt
* \headsep=25.0pt
* \topskip=12.0pt
* \footskip=30.0pt
* \marginparwidth=44.0pt
* \marginparsep=10.0pt
* \columnsep=10.0pt
* \skip\footins=10.8pt plus 4.0pt minus 2.0pt
* \hoffset=0.0pt
* \voffset=0.0pt
* \mag=1000
* \@twocolumnfalse
* \@twosidefalse
* \@mparswitchfalse
* \@reversemarginfalse
* (1in=72.27pt=25.4mm, 1cm=28.453pt)

(/usr/local/texlive/2022/texmf-dist/tex/context/base/mkii/supp-pdf.mkii
[Loading MPS to PDF converter (version 2006.09.02).]
\scratchcounter=\count281
\scratchdimen=\dimen161
\scratchbox=\box62
\nofMPsegments=\count282
\nofMParguments=\count283
\everyMPshowfont=\toks23
\MPscratchCnt=\count284
\MPscratchDim=\dimen162
\MPnumerator=\count285
\makeMPintoPDFobject=\count286
\everyMPtoPDFconversion=\toks24
) (/usr/local/texlive/2022/texmf-dist/tex/latex/epstopdf-pkg/epstopdf-base.sty
Package: epstopdf-base 2020-01-24 v2.11 Base part for package epstopdf
Package epstopdf-base Info: Redefining graphics rule for `.eps' on input line 4
85.

(/usr/local/texlive/2022/texmf-dist/tex/latex/latexconfig/epstopdf-sys.cfg
File: epstopdf-sys.cfg 2010/07/13 v1.3 Configuration of (r)epstopdf for TeX Liv
e
))
(/usr/local/texlive/2022/texmf-dist/tex/latex/graphics/color.sty
Package: color 2021/12/07 v1.3c Standard LaTeX Color (DPC)

(/usr/local/texlive/2022/texmf-dist/tex/latex/graphics-cfg/color.cfg
File: color.cfg 2016/01/02 v1.6 sample color configuration
)
Package color Info: Driver file: pdftex.def on input line 149.
)
(/usr/local/texlive/2022/texmf-dist/tex/latex/translations/translations-basic-d
ictionary-english.trsl
File: translations-basic-dictionary-english.trsl (english translation file `tra
nslations-basic-dictionary')
)
Package translations Info: loading dictionary `translations-basic-dictionary' f
or `english'. on input line 30.
\c@lstlisting=\count287
LaTeX Font Info:    External font `cmex10' loaded for size
(Font)              <14.4> on input line 32.
LaTeX Font Info:    External font `cmex10' loaded for size
(Font)              <7> on input line 32.
LaTeX Font Info:    External font `cmex10' loaded for size
(Font)              <12> on input line 38.
LaTeX Font Info:    External font `cmex10' loaded for size
(Font)              <8> on input line 38.
LaTeX Font Info:    External font `cmex10' loaded for size
(Font)              <6> on input line 38.
LaTeX Font Info:    Trying to load font information for T1+cmtt on input line 6
0.

(/usr/local/texlive/2022/texmf-dist/tex/latex/base/t1cmtt.fd
File: t1cmtt.fd 2019/12/16 v2.5j Standard LaTeX font definitions
)
<yamaguchi-7+1.png, id=1, 1935.23pt x 939.51pt>
File: yamaguchi-7+1.png Graphic file (type png)
<use yamaguchi-7+1.png>
Package pdftex.def Info: yamaguchi-7+1.png  used on input line 64.
(pdftex.def)             Requested size: 527.57014pt x 256.1225pt.
 [1

{/usr/local/texlive/2022/texmf-var/fonts/map/pdftex/updmap/pdftex.map}]
<7+1results.png, id=22, 1762.585pt x 1210.5225pt>
File: 7+1results.png Graphic file (type png)
<use 7+1results.png>
Package pdftex.def Info: 7+1results.png  used on input line 78.
(pdftex.def)             Requested size: 474.8099pt x 326.08813pt.
 [2 <./yamaguchi-7+1.png>] [3 <./7+1results.png>]
<jump-zoom.png, id=32, 462.528pt x 346.896pt>
File: jump-zoom.png Graphic file (type png)
<use jump-zoom.png>
Package pdftex.def Info: jump-zoom.png  used on input line 94.
(pdftex.def)             Requested size: 316.5453pt x 237.42117pt.
 [4 <./jump-zoom.png>]
<7+1fit.png, id=37, 1085.7363pt x 280.8894pt>
File: 7+1fit.png Graphic file (type png)
<use 7+1fit.png>
Package pdftex.def Info: 7+1fit.png  used on input line 112.
(pdftex.def)             Requested size: 527.57014pt x 136.49265pt.
<7+1cmp.png, id=38, 1077.5457pt x 274.626pt>
File: 7+1cmp.png Graphic file (type png)
<use 7+1cmp.png>
Package pdftex.def Info: 7+1cmp.png  used on input line 123.
(pdftex.def)             Requested size: 527.57014pt x 134.46315pt.
<7+1ebcmp.png, id=39, 1083.0864pt x 275.3487pt>
File: 7+1ebcmp.png Graphic file (type png)
<use 7+1ebcmp.png>
Package pdftex.def Info: 7+1ebcmp.png  used on input line 132.
(pdftex.def)             Requested size: 527.57014pt x 134.12375pt.
 [5 <./7+1fit.png> <./7+1cmp.png>]
<yamaguchi-1.5+0.8.png, id=46, 1949.2825pt x 1343.0175pt>
File: yamaguchi-1.5+0.8.png Graphic file (type png)
<use yamaguchi-1.5+0.8.png>
Package pdftex.def Info: yamaguchi-1.5+0.8.png  used on input line 149.
(pdftex.def)             Requested size: 527.57014pt x 363.48027pt.
<1.5+0.8results.png, id=47, 1778.645pt x 1200.485pt>
File: 1.5+0.8results.png Graphic file (type png)
<use 1.5+0.8results.png>
Package pdftex.def Info: 1.5+0.8results.png  used on input line 158.
(pdftex.def)             Requested size: 474.8099pt x 320.47171pt.
<1.5+0.8cmp_whole.png, id=48, 1084.5318pt x 273.6624pt>
File: 1.5+0.8cmp_whole.png Graphic file (type png)
<use 1.5+0.8cmp_whole.png>
Package pdftex.def Info: 1.5+0.8cmp_whole.png  used on input line 167.
(pdftex.def)             Requested size: 527.57014pt x 133.12279pt.
<1.5+0.8cmp_pt.png, id=49, 1074.414pt x 274.1442pt>
File: 1.5+0.8cmp_pt.png Graphic file (type png)
<use 1.5+0.8cmp_pt.png>
Package pdftex.def Info: 1.5+0.8cmp_pt.png  used on input line 174.
(pdftex.def)             Requested size: 527.57014pt x 134.61627pt.
 [6 <./7+1ebcmp.png>] [7 <./yamaguchi-1.5+0.8.png>] [8 <./1.5+0.8results.png> <
./1.5+0.8cmp_whole.png>]
<stable_hi_log.png, id=64, 735.7086pt x 265.4718pt>
File: stable_hi_log.png Graphic file (type png)
<use stable_hi_log.png>
Package pdftex.def Info: stable_hi_log.png  used on input line 195.
(pdftex.def)             Requested size: 395.6776pt x 142.77742pt.
 [9 <./1.5+0.8cmp_pt.png> <./stable_hi_log.png>]
<stable7+1ex.png, id=70, 745.1037pt x 265.4718pt>
File: stable7+1ex.png Graphic file (type png)
<use stable7+1ex.png>
Package pdftex.def Info: stable7+1ex.png  used on input line 204.
(pdftex.def)             Requested size: 395.6776pt x 140.97482pt.
<pre-spike-spike.png, id=71, 2178.1375pt x 903.375pt>
File: pre-spike-spike.png Graphic file (type png)
<use pre-spike-spike.png>
Package pdftex.def Info: pre-spike-spike.png  used on input line 222.
(pdftex.def)             Requested size: 527.57014pt x 218.79938pt.

[10 <./stable7+1ex.png>]
<sharp-inc-bpp.png, id=76, 2111.89pt x 845.1575pt>
File: sharp-inc-bpp.png Graphic file (type png)
<use sharp-inc-bpp.png>
Package pdftex.def Info: sharp-inc-bpp.png  used on input line 231.
(pdftex.def)             Requested size: 527.57014pt x 211.1212pt.
<merge-after-merge.png, id=77, 2204.235pt x 614.295pt>
File: merge-after-merge.png Graphic file (type png)
<use merge-after-merge.png>
Package pdftex.def Info: merge-after-merge.png  used on input line 250.
(pdftex.def)             Requested size: 527.57014pt x 147.02138pt.
 [11 <./pre-spike-spike.png>] [12 <./sharp-inc-bpp.png> <./merge-after-merge.pn
g>]
<theory-observed.png, id=87, 1975.38pt x 1314.9125pt>
File: theory-observed.png Graphic file (type png)
<use theory-observed.png>
Package pdftex.def Info: theory-observed.png  used on input line 263.
(pdftex.def)             Requested size: 527.57014pt x 351.15878pt.
 [13 <./theory-observed.png>]
<sample-distribution.png, id=93, 867.24pt x 289.08pt>
File: sample-distribution.png Graphic file (type png)
<use sample-distribution.png>
Package pdftex.def Info: sample-distribution.png  used on input line 277.
(pdftex.def)             Requested size: 527.57014pt x 175.86656pt.
<Mwd-P scatter.png, id=94, 462.528pt x 346.896pt>
File: Mwd-P scatter.png Graphic file (type png)
<use Mwd-P scatter.png>
Package pdftex.def Info: Mwd-P scatter.png  used on input line 288.
(pdftex.def)             Requested size: 263.78506pt x 197.84921pt.
<kstar-map-rearr.png, id=95, 1780.6525pt x 949.5475pt>
File: kstar-map-rearr.png Graphic file (type png)
<use kstar-map-rearr.png>
Package pdftex.def Info: kstar-map-rearr.png  used on input line 297.
(pdftex.def)             Requested size: 527.57014pt x 281.33115pt.
 [14 <./sample-distribution.png>] [15 <./Mwd-P scatter.png> <./kstar-map-rearr.
png>]
<dif-kstar map.png, id=105, 462.528pt x 346.896pt>
File: dif-kstar map.png Graphic file (type png)
<use dif-kstar map.png>
Package pdftex.def Info: dif-kstar map.png  used on input line 308.
(pdftex.def)             Requested size: 263.78506pt x 197.84921pt.
<dif-kstar two plot.png, id=106, 2059.695pt x 770.88pt>
File: dif-kstar two plot.png Graphic file (type png)
<use dif-kstar two plot.png>
Package pdftex.def Info: dif-kstar two plot.png  used on input line 317.
(pdftex.def)             Requested size: 527.57014pt x 197.44812pt.

(./june-summary.bbl [16 <./dif-kstar map.png>]) [17 <./dif-kstar two plot.png>]
(./june-summary.aux) ) 
Here is how much of TeX's memory you used:
 7815 strings out of 478268
 172931 string characters out of 5846347
 444287 words of memory out of 5000000
 25948 multiletter control sequences out of 15000+600000
 480835 words of font info for 51 fonts, out of 8000000 for 9000
 1141 hyphenation exceptions out of 8191
 71i,6n,79p,1165b,512s stack positions out of 10000i,1000n,20000p,200000b,200000s
{/usr/local/texlive/2022/texmf-dist/fonts/enc/dvips/cm-su
per/cm-super-t1.enc}</usr/local/texlive/2022/texmf-dist/fonts/type1/public/amsf
onts/cm/cmex10.pfb></usr/local/texlive/2022/texmf-dist/fonts/type1/public/amsfo
nts/cm/cmmi12.pfb></usr/local/texlive/2022/texmf-dist/fonts/type1/public/amsfon
ts/cm/cmmi8.pfb></usr/local/texlive/2022/texmf-dist/fonts/type1/public/amsfonts
/cm/cmr12.pfb></usr/local/texlive/2022/texmf-dist/fonts/type1/public/amsfonts/c
m/cmr6.pfb></usr/local/texlive/2022/texmf-dist/fonts/type1/public/amsfonts/cm/c
mr8.pfb></usr/local/texlive/2022/texmf-dist/fonts/type1/public/amsfonts/cm/cmsy
10.pfb></usr/local/texlive/2022/texmf-dist/fonts/type1/public/amsfonts/cm/cmsy8
.pfb></usr/local/texlive/2022/texmf-dist/fonts/type1/public/cm-super/sfbx1200.p
fb></usr/local/texlive/2022/texmf-dist/fonts/type1/public/cm-super/sfbx1440.pfb
></usr/local/texlive/2022/texmf-dist/fonts/type1/public/cm-super/sfbx1728.pfb><
/usr/local/texlive/2022/texmf-dist/fonts/type1/public/cm-super/sfrm1200.pfb></u
sr/local/texlive/2022/texmf-dist/fonts/type1/public/cm-super/sfrm1440.pfb></usr
/local/texlive/2022/texmf-dist/fonts/type1/public/cm-super/sfrm2074.pfb></usr/l
ocal/texlive/2022/texmf-dist/fonts/type1/public/cm-super/sfti1200.pfb></usr/loc
al/texlive/2022/texmf-dist/fonts/type1/public/cm-super/sftt1200.pfb>
Output written on june-summary.pdf (17 pages, 7964740 bytes).
PDF statistics:
 183 PDF objects out of 1000 (max. 8388607)
 89 compressed objects within 1 object stream
 0 named destinations out of 1000 (max. 500000)
 106 words of extra memory for PDF output out of 10000 (max. 10000000)

